
========================================================================
Experiment settings
========================================================================
Data path       : data/target_and_features.mat
Feature groups  : ['macro_output', 'macro_labor', 'macro_housing', 'macro_orders', 'macro_money', 'macro_ratesfx', 'macro_prices', 'macro_stock', 'fwd']
Target group    : dy
Target indices  : [8]
Model           : MacroNN
Run tag         : MacroNN_macro8_dy
Output file     : results_macro\PanelA_yc_MacroNN_macro8_ens100x10_l270_dy9_a1_lr0p001_l270_ep1_p12.mat
X shape         : (641, 130)
Y shape         : (641, 1)
OOS start       : 1989-01-31
Horizon         : 12
Hyper frequency : 60
NMC / NAVG      : 100 / 10
CPU workers     : 2
------------------------------------------------------------------------
Model parameters
{
  "archi": [
    1
  ],
  "Dropout": 0.0,
  "l1l2": [
    0.0,
    70.0
  ],
  "learning_rate": 0.001,
  "decay_rate": 0.001,
  "momentum": 0.9,
  "nesterov": true,
  "epochs": 1,
  "patience": 0,
  "batch_size": 32,
  "validation_split": 0.15,
  "purge_size": 12,
  "shuffle": false,
  "loss_name": "mse",
  "huber_delta": 1.0
}
========================================================================

Total OOS steps: 432
[   1/432] 1989-01-31 | oos=   1 | refit=True  | val= 93.227045 | best= 93.227045 | R2=[0.2271]
[  12/432] 1989-12-31 | oos=  12 | refit=False | val=  0.960608 | best=  0.812240 | R2=[0.2527]
[  24/432] 1990-12-31 | oos=  24 | refit=False | val=  0.437270 | best=  0.437270 | R2=[0.2653]
[  36/432] 1991-12-31 | oos=  36 | refit=False | val=  0.544742 | best=  0.366998 | R2=[0.2013]
[  48/432] 1992-12-31 | oos=  48 | refit=False | val=  0.601976 | best=  0.366998 | R2=[0.0059]
[  60/432] 1993-12-31 | oos=  60 | refit=True  | val=173.245242 | best=173.245242 | R2=[0.039]
[  72/432] 1994-12-31 | oos=  72 | refit=False | val=  1.435343 | best=  1.114651 | R2=[0.0041]
[  84/432] 1995-12-31 | oos=  84 | refit=False | val=  1.670730 | best=  1.114651 | R2=[0.0019]
[  96/432] 1996-12-31 | oos=  96 | refit=False | val=  1.491769 | best=  1.114651 | R2=[0.0017]
[ 108/432] 1997-12-31 | oos= 108 | refit=False | val=  1.194501 | best=  1.114651 | R2=[-0.0129]
[ 120/432] 1998-12-31 | oos= 120 | refit=False | val=  0.910202 | best=  0.910202 | R2=[-0.0124]
[ 132/432] 1999-12-31 | oos= 132 | refit=False | val=  0.870467 | best=  0.751839 | R2=[-0.0146]
[ 144/432] 2000-12-31 | oos= 144 | refit=False | val=  0.741728 | best=  0.709934 | R2=[-0.0252]
[ 156/432] 2001-12-31 | oos= 156 | refit=False | val=  0.886197 | best=  0.709934 | R2=[-0.0201]
[ 168/432] 2002-12-31 | oos= 168 | refit=False | val=  0.867363 | best=  0.709934 | R2=[-0.0097]
[ 180/432] 2003-12-31 | oos= 180 | refit=True  | val= 33.803409 | best= 33.803409 | R2=[-0.0045]
[ 192/432] 2004-12-31 | oos= 192 | refit=False | val=  0.617043 | best=  0.617043 | R2=[-0.0043]
[ 204/432] 2005-12-31 | oos= 204 | refit=False | val=  0.610498 | best=  0.571472 | R2=[-0.0082]
[ 216/432] 2006-12-31 | oos= 216 | refit=False | val=  0.460671 | best=  0.460671 | R2=[-0.0093]
[ 228/432] 2007-12-31 | oos= 228 | refit=False | val=  0.422924 | best=  0.422924 | R2=[-0.0095]
[ 240/432] 2008-12-31 | oos= 240 | refit=False | val=  0.309087 | best=  0.299314 | R2=[-0.0075]
[ 252/432] 2009-12-31 | oos= 252 | refit=False | val=  0.357974 | best=  0.299314 | R2=[-0.0051]
[ 264/432] 2010-12-31 | oos= 264 | refit=False | val=  0.380864 | best=  0.299314 | R2=[-0.0001]
[ 276/432] 2011-12-31 | oos= 276 | refit=False | val=  0.399309 | best=  0.299314 | R2=[0.0084]
[ 288/432] 2012-12-31 | oos= 288 | refit=False | val=  0.528618 | best=  0.299314 | R2=[0.003]
[ 300/432] 2013-12-31 | oos= 300 | refit=True  | val=  8.983840 | best=  8.983840 | R2=[0.0017]
[ 312/432] 2014-12-31 | oos= 312 | refit=False | val=  0.630766 | best=  0.626874 | R2=[0.0032]
[ 324/432] 2015-12-31 | oos= 324 | refit=False | val=  0.586020 | best=  0.586020 | R2=[0.0048]
[ 336/432] 2016-12-31 | oos= 336 | refit=False | val=  0.527782 | best=  0.527782 | R2=[0.]
[ 348/432] 2017-12-31 | oos= 348 | refit=False | val=  0.534323 | best=  0.522823 | R2=[-0.005]
[ 360/432] 2018-12-31 | oos= 360 | refit=True  | val= 21.478178 | best= 21.478178 | R2=[-0.0016]
[ 372/432] 2019-12-31 | oos= 372 | refit=False | val=  0.464471 | best=  0.399693 | R2=[0.0014]
[ 384/432] 2020-12-31 | oos= 384 | refit=False | val=  0.598188 | best=  0.399693 | R2=[-0.0048]
[ 396/432] 2021-12-31 | oos= 396 | refit=False | val=  0.568519 | best=  0.399693 | R2=[-0.021]
[ 408/432] 2022-12-31 | oos= 408 | refit=False | val=  0.936534 | best=  0.399693 | R2=[-0.0284]
[ 420/432] 2023-12-31 | oos= 420 | refit=True  | val= 19.708648 | best= 19.708648 | R2=[-0.0305]
[ 432/432] 2024-12-31 | oos= 432 | refit=False | val=  1.028935 | best=  1.027606 | R2=[-0.0314]

========================================================================
Finished
========================================================================
Saved to : results_macro\PanelA_yc_MacroNN_macro8_ens100x10_l270_dy9_a1_lr0p001_l270_ep1_p12.mat
R2OOS    : [-0.0314]
p-values : [0.7836]
========================================================================
