WARNING:tensorflow:From C:\Users\KAIST\AppData\Local\Programs\Python\Python312\Lib\site-packages\keras\src\backend\common\global_state.py:82: The name tf.reset_default_graph is deprecated. Please use tf.compat.v1.reset_default_graph instead.

WARNING:tensorflow:From C:\Users\KAIST\AppData\Local\Programs\Python\Python312\Lib\site-packages\keras\src\backend\common\global_state.py:82: The name tf.reset_default_graph is deprecated. Please use tf.compat.v1.reset_default_graph instead.

WARNING:tensorflow:From C:\Users\KAIST\AppData\Local\Programs\Python\Python312\Lib\site-packages\keras\src\backend\common\global_state.py:82: The name tf.reset_default_graph is deprecated. Please use tf.compat.v1.reset_default_graph instead.

WARNING:tensorflow:From C:\Users\KAIST\AppData\Local\Programs\Python\Python312\Lib\site-packages\keras\src\backend\common\global_state.py:82: The name tf.reset_default_graph is deprecated. Please use tf.compat.v1.reset_default_graph instead.

WARNING:tensorflow:From C:\Users\KAIST\AppData\Local\Programs\Python\Python312\Lib\site-packages\keras\src\backend\common\global_state.py:82: The name tf.reset_default_graph is deprecated. Please use tf.compat.v1.reset_default_graph instead.

WARNING:tensorflow:From C:\Users\KAIST\AppData\Local\Programs\Python\Python312\Lib\site-packages\keras\src\backend\common\global_state.py:82: The name tf.reset_default_graph is deprecated. Please use tf.compat.v1.reset_default_graph instead.

WARNING:tensorflow:From C:\Users\KAIST\AppData\Local\Programs\Python\Python312\Lib\site-packages\keras\src\backend\common\global_state.py:82: The name tf.reset_default_graph is deprecated. Please use tf.compat.v1.reset_default_graph instead.

WARNING:tensorflow:From C:\Users\KAIST\AppData\Local\Programs\Python\Python312\Lib\site-packages\keras\src\backend\common\global_state.py:82: The name tf.reset_default_graph is deprecated. Please use tf.compat.v1.reset_default_graph instead.

WARNING:tensorflow:From C:\Users\KAIST\AppData\Local\Programs\Python\Python312\Lib\site-packages\keras\src\backend\common\global_state.py:82: The name tf.reset_default_graph is deprecated. Please use tf.compat.v1.reset_default_graph instead.

WARNING:tensorflow:From C:\Users\KAIST\AppData\Local\Programs\Python\Python312\Lib\site-packages\keras\src\backend\common\global_state.py:82: The name tf.reset_default_graph is deprecated. Please use tf.compat.v1.reset_default_graph instead.

WARNING:tensorflow:From C:\Users\KAIST\AppData\Local\Programs\Python\Python312\Lib\site-packages\keras\src\backend\common\global_state.py:82: The name tf.reset_default_graph is deprecated. Please use tf.compat.v1.reset_default_graph instead.

WARNING:tensorflow:From C:\Users\KAIST\AppData\Local\Programs\Python\Python312\Lib\site-packages\keras\src\backend\common\global_state.py:82: The name tf.reset_default_graph is deprecated. Please use tf.compat.v1.reset_default_graph instead.

WARNING:tensorflow:From C:\Users\KAIST\AppData\Local\Programs\Python\Python312\Lib\site-packages\keras\src\backend\common\global_state.py:82: The name tf.reset_default_graph is deprecated. Please use tf.compat.v1.reset_default_graph instead.

WARNING:tensorflow:From C:\Users\KAIST\AppData\Local\Programs\Python\Python312\Lib\site-packages\keras\src\backend\common\global_state.py:82: The name tf.reset_default_graph is deprecated. Please use tf.compat.v1.reset_default_graph instead.

WARNING:tensorflow:From C:\Users\KAIST\AppData\Local\Programs\Python\Python312\Lib\site-packages\keras\src\backend\common\global_state.py:82: The name tf.reset_default_graph is deprecated. Please use tf.compat.v1.reset_default_graph instead.

WARNING:tensorflow:From C:\Users\KAIST\AppData\Local\Programs\Python\Python312\Lib\site-packages\keras\src\backend\common\global_state.py:82: The name tf.reset_default_graph is deprecated. Please use tf.compat.v1.reset_default_graph instead.

WARNING:tensorflow:From C:\Users\KAIST\AppData\Local\Programs\Python\Python312\Lib\site-packages\keras\src\backend\common\global_state.py:82: The name tf.reset_default_graph is deprecated. Please use tf.compat.v1.reset_default_graph instead.

WARNING:tensorflow:From C:\Users\KAIST\AppData\Local\Programs\Python\Python312\Lib\site-packages\keras\src\backend\common\global_state.py:82: The name tf.reset_default_graph is deprecated. Please use tf.compat.v1.reset_default_graph instead.

WARNING:tensorflow:From C:\Users\KAIST\AppData\Local\Programs\Python\Python312\Lib\site-packages\keras\src\backend\common\global_state.py:82: The name tf.reset_default_graph is deprecated. Please use tf.compat.v1.reset_default_graph instead.

WARNING:tensorflow:From C:\Users\KAIST\AppData\Local\Programs\Python\Python312\Lib\site-packages\keras\src\backend\common\global_state.py:82: The name tf.reset_default_graph is deprecated. Please use tf.compat.v1.reset_default_graph instead.

Process SpawnPoolWorker-24:
Traceback (most recent call last):
  File "C:\Users\KAIST\AppData\Local\Programs\Python\Python312\Lib\multiprocessing\pool.py", line 131, in worker
    put((job, i, result))
  File "C:\Users\KAIST\AppData\Local\Programs\Python\Python312\Lib\multiprocessing\queues.py", line 396, in put
    self._writer.send_bytes(obj)
  File "C:\Users\KAIST\AppData\Local\Programs\Python\Python312\Lib\multiprocessing\connection.py", line 200, in send_bytes
    self._send_bytes(m[offset:offset + size])
  File "C:\Users\KAIST\AppData\Local\Programs\Python\Python312\Lib\multiprocessing\connection.py", line 289, in _send_bytes
    ov, err = _winapi.WriteFile(self._handle, buf, overlapped=True)
              ^^^^^^^^^^^^^^^^^^^^^^^^^^^^^^^^^^^^^^^^^^^^^^^^^^^^^
BrokenPipeError: [WinError 232] ĆÄŔĚÇÁ°ˇ ´ÝČ÷´Â ÁßŔÔ´Ď´Ů

During handling of the above exception, another exception occurred:

Traceback (most recent call last):
  File "C:\Users\KAIST\AppData\Local\Programs\Python\Python312\Lib\multiprocessing\process.py", line 314, in _bootstrap
    self.run()
  File "C:\Users\KAIST\AppData\Local\Programs\Python\Python312\Lib\multiprocessing\process.py", line 108, in run
    self._target(*self._args, **self._kwargs)
  File "C:\Users\KAIST\AppData\Local\Programs\Python\Python312\Lib\multiprocessing\pool.py", line 136, in worker
    put((job, i, (False, wrapped)))
  File "C:\Users\KAIST\AppData\Local\Programs\Python\Python312\Lib\multiprocessing\queues.py", line 396, in put
    self._writer.send_bytes(obj)
  File "C:\Users\KAIST\AppData\Local\Programs\Python\Python312\Lib\multiprocessing\connection.py", line 200, in send_bytes
    self._send_bytes(m[offset:offset + size])
  File "C:\Users\KAIST\AppData\Local\Programs\Python\Python312\Lib\multiprocessing\connection.py", line 289, in _send_bytes
    ov, err = _winapi.WriteFile(self._handle, buf, overlapped=True)
              ^^^^^^^^^^^^^^^^^^^^^^^^^^^^^^^^^^^^^^^^^^^^^^^^^^^^^
BrokenPipeError: [WinError 232] ĆÄŔĚÇÁ°ˇ ´ÝČ÷´Â ÁßŔÔ´Ď´Ů
Process SpawnPoolWorker-21:
Traceback (most recent call last):
  File "C:\Users\KAIST\AppData\Local\Programs\Python\Python312\Lib\multiprocessing\pool.py", line 131, in worker
    put((job, i, result))
  File "C:\Users\KAIST\AppData\Local\Programs\Python\Python312\Lib\multiprocessing\queues.py", line 396, in put
    self._writer.send_bytes(obj)
  File "C:\Users\KAIST\AppData\Local\Programs\Python\Python312\Lib\multiprocessing\connection.py", line 200, in send_bytes
    self._send_bytes(m[offset:offset + size])
  File "C:\Users\KAIST\AppData\Local\Programs\Python\Python312\Lib\multiprocessing\connection.py", line 289, in _send_bytes
    ov, err = _winapi.WriteFile(self._handle, buf, overlapped=True)
              ^^^^^^^^^^^^^^^^^^^^^^^^^^^^^^^^^^^^^^^^^^^^^^^^^^^^^
BrokenPipeError: [WinError 232] ĆÄŔĚÇÁ°ˇ ´ÝČ÷´Â ÁßŔÔ´Ď´Ů

During handling of the above exception, another exception occurred:

Traceback (most recent call last):
  File "C:\Users\KAIST\AppData\Local\Programs\Python\Python312\Lib\multiprocessing\process.py", line 314, in _bootstrap
    self.run()
  File "C:\Users\KAIST\AppData\Local\Programs\Python\Python312\Lib\multiprocessing\process.py", line 108, in run
    self._target(*self._args, **self._kwargs)
  File "C:\Users\KAIST\AppData\Local\Programs\Python\Python312\Lib\multiprocessing\pool.py", line 136, in worker
    put((job, i, (False, wrapped)))
  File "C:\Users\KAIST\AppData\Local\Programs\Python\Python312\Lib\multiprocessing\queues.py", line 396, in put
    self._writer.send_bytes(obj)
  File "C:\Users\KAIST\AppData\Local\Programs\Python\Python312\Lib\multiprocessing\connection.py", line 200, in send_bytes
    self._send_bytes(m[offset:offset + size])
  File "C:\Users\KAIST\AppData\Local\Programs\Python\Python312\Lib\multiprocessing\connection.py", line 289, in _send_bytes
    ov, err = _winapi.WriteFile(self._handle, buf, overlapped=True)
              ^^^^^^^^^^^^^^^^^^^^^^^^^^^^^^^^^^^^^^^^^^^^^^^^^^^^^
BrokenPipeError: [WinError 232] ĆÄŔĚÇÁ°ˇ ´ÝČ÷´Â ÁßŔÔ´Ď´Ů
Process SpawnPoolWorker-22:
Traceback (most recent call last):
  File "C:\Users\KAIST\AppData\Local\Programs\Python\Python312\Lib\multiprocessing\pool.py", line 131, in worker
    put((job, i, result))
  File "C:\Users\KAIST\AppData\Local\Programs\Python\Python312\Lib\multiprocessing\queues.py", line 396, in put
    self._writer.send_bytes(obj)
  File "C:\Users\KAIST\AppData\Local\Programs\Python\Python312\Lib\multiprocessing\connection.py", line 200, in send_bytes
    self._send_bytes(m[offset:offset + size])
  File "C:\Users\KAIST\AppData\Local\Programs\Python\Python312\Lib\multiprocessing\connection.py", line 289, in _send_bytes
    ov, err = _winapi.WriteFile(self._handle, buf, overlapped=True)
              ^^^^^^^^^^^^^^^^^^^^^^^^^^^^^^^^^^^^^^^^^^^^^^^^^^^^^
BrokenPipeError: [WinError 232] ĆÄŔĚÇÁ°ˇ ´ÝČ÷´Â ÁßŔÔ´Ď´Ů

During handling of the above exception, another exception occurred:

Traceback (most recent call last):
  File "C:\Users\KAIST\AppData\Local\Programs\Python\Python312\Lib\multiprocessing\process.py", line 314, in _bootstrap
    self.run()
  File "C:\Users\KAIST\AppData\Local\Programs\Python\Python312\Lib\multiprocessing\process.py", line 108, in run
    self._target(*self._args, **self._kwargs)
  File "C:\Users\KAIST\AppData\Local\Programs\Python\Python312\Lib\multiprocessing\pool.py", line 136, in worker
    put((job, i, (False, wrapped)))
  File "C:\Users\KAIST\AppData\Local\Programs\Python\Python312\Lib\multiprocessing\queues.py", line 396, in put
    self._writer.send_bytes(obj)
  File "C:\Users\KAIST\AppData\Local\Programs\Python\Python312\Lib\multiprocessing\connection.py", line 200, in send_bytes
    self._send_bytes(m[offset:offset + size])
  File "C:\Users\KAIST\AppData\Local\Programs\Python\Python312\Lib\multiprocessing\connection.py", line 289, in _send_bytes
    ov, err = _winapi.WriteFile(self._handle, buf, overlapped=True)
              ^^^^^^^^^^^^^^^^^^^^^^^^^^^^^^^^^^^^^^^^^^^^^^^^^^^^^
BrokenPipeError: [WinError 232] ĆÄŔĚÇÁ°ˇ ´ÝČ÷´Â ÁßŔÔ´Ď´Ů
Process SpawnPoolWorker-25:
Traceback (most recent call last):
  File "C:\Users\KAIST\AppData\Local\Programs\Python\Python312\Lib\multiprocessing\pool.py", line 131, in worker
    put((job, i, result))
  File "C:\Users\KAIST\AppData\Local\Programs\Python\Python312\Lib\multiprocessing\queues.py", line 396, in put
    self._writer.send_bytes(obj)
  File "C:\Users\KAIST\AppData\Local\Programs\Python\Python312\Lib\multiprocessing\connection.py", line 200, in send_bytes
    self._send_bytes(m[offset:offset + size])
  File "C:\Users\KAIST\AppData\Local\Programs\Python\Python312\Lib\multiprocessing\connection.py", line 289, in _send_bytes
    ov, err = _winapi.WriteFile(self._handle, buf, overlapped=True)
              ^^^^^^^^^^^^^^^^^^^^^^^^^^^^^^^^^^^^^^^^^^^^^^^^^^^^^
BrokenPipeError: [WinError 232] ĆÄŔĚÇÁ°ˇ ´ÝČ÷´Â ÁßŔÔ´Ď´Ů

During handling of the above exception, another exception occurred:

Traceback (most recent call last):
  File "C:\Users\KAIST\AppData\Local\Programs\Python\Python312\Lib\multiprocessing\process.py", line 314, in _bootstrap
    self.run()
  File "C:\Users\KAIST\AppData\Local\Programs\Python\Python312\Lib\multiprocessing\process.py", line 108, in run
    self._target(*self._args, **self._kwargs)
  File "C:\Users\KAIST\AppData\Local\Programs\Python\Python312\Lib\multiprocessing\pool.py", line 136, in worker
    put((job, i, (False, wrapped)))
  File "C:\Users\KAIST\AppData\Local\Programs\Python\Python312\Lib\multiprocessing\queues.py", line 396, in put
    self._writer.send_bytes(obj)
  File "C:\Users\KAIST\AppData\Local\Programs\Python\Python312\Lib\multiprocessing\connection.py", line 200, in send_bytes
    self._send_bytes(m[offset:offset + size])
  File "C:\Users\KAIST\AppData\Local\Programs\Python\Python312\Lib\multiprocessing\connection.py", line 289, in _send_bytes
    ov, err = _winapi.WriteFile(self._handle, buf, overlapped=True)
              ^^^^^^^^^^^^^^^^^^^^^^^^^^^^^^^^^^^^^^^^^^^^^^^^^^^^^
BrokenPipeError: [WinError 232] ĆÄŔĚÇÁ°ˇ ´ÝČ÷´Â ÁßŔÔ´Ď´Ů
Process SpawnPoolWorker-23:
Traceback (most recent call last):
  File "C:\Users\KAIST\AppData\Local\Programs\Python\Python312\Lib\multiprocessing\pool.py", line 131, in worker
    put((job, i, result))
  File "C:\Users\KAIST\AppData\Local\Programs\Python\Python312\Lib\multiprocessing\queues.py", line 396, in put
    self._writer.send_bytes(obj)
  File "C:\Users\KAIST\AppData\Local\Programs\Python\Python312\Lib\multiprocessing\connection.py", line 200, in send_bytes
    self._send_bytes(m[offset:offset + size])
  File "C:\Users\KAIST\AppData\Local\Programs\Python\Python312\Lib\multiprocessing\connection.py", line 289, in _send_bytes
    ov, err = _winapi.WriteFile(self._handle, buf, overlapped=True)
              ^^^^^^^^^^^^^^^^^^^^^^^^^^^^^^^^^^^^^^^^^^^^^^^^^^^^^
BrokenPipeError: [WinError 232] ĆÄŔĚÇÁ°ˇ ´ÝČ÷´Â ÁßŔÔ´Ď´Ů

During handling of the above exception, another exception occurred:

Traceback (most recent call last):
  File "C:\Users\KAIST\AppData\Local\Programs\Python\Python312\Lib\multiprocessing\process.py", line 314, in _bootstrap
    self.run()
  File "C:\Users\KAIST\AppData\Local\Programs\Python\Python312\Lib\multiprocessing\process.py", line 108, in run
    self._target(*self._args, **self._kwargs)
  File "C:\Users\KAIST\AppData\Local\Programs\Python\Python312\Lib\multiprocessing\pool.py", line 136, in worker
    put((job, i, (False, wrapped)))
  File "C:\Users\KAIST\AppData\Local\Programs\Python\Python312\Lib\multiprocessing\queues.py", line 396, in put
    self._writer.send_bytes(obj)
  File "C:\Users\KAIST\AppData\Local\Programs\Python\Python312\Lib\multiprocessing\connection.py", line 200, in send_bytes
    self._send_bytes(m[offset:offset + size])
  File "C:\Users\KAIST\AppData\Local\Programs\Python\Python312\Lib\multiprocessing\connection.py", line 289, in _send_bytes
    ov, err = _winapi.WriteFile(self._handle, buf, overlapped=True)
              ^^^^^^^^^^^^^^^^^^^^^^^^^^^^^^^^^^^^^^^^^^^^^^^^^^^^^
BrokenPipeError: [WinError 232] ĆÄŔĚÇÁ°ˇ ´ÝČ÷´Â ÁßŔÔ´Ď´Ů
Process SpawnPoolWorker-28:
Traceback (most recent call last):
  File "C:\Users\KAIST\AppData\Local\Programs\Python\Python312\Lib\multiprocessing\pool.py", line 131, in worker
    put((job, i, result))
  File "C:\Users\KAIST\AppData\Local\Programs\Python\Python312\Lib\multiprocessing\queues.py", line 396, in put
    self._writer.send_bytes(obj)
  File "C:\Users\KAIST\AppData\Local\Programs\Python\Python312\Lib\multiprocessing\connection.py", line 200, in send_bytes
    self._send_bytes(m[offset:offset + size])
  File "C:\Users\KAIST\AppData\Local\Programs\Python\Python312\Lib\multiprocessing\connection.py", line 289, in _send_bytes
    ov, err = _winapi.WriteFile(self._handle, buf, overlapped=True)
              ^^^^^^^^^^^^^^^^^^^^^^^^^^^^^^^^^^^^^^^^^^^^^^^^^^^^^
BrokenPipeError: [WinError 232] ĆÄŔĚÇÁ°ˇ ´ÝČ÷´Â ÁßŔÔ´Ď´Ů

During handling of the above exception, another exception occurred:

Traceback (most recent call last):
  File "C:\Users\KAIST\AppData\Local\Programs\Python\Python312\Lib\multiprocessing\process.py", line 314, in _bootstrap
    self.run()
  File "C:\Users\KAIST\AppData\Local\Programs\Python\Python312\Lib\multiprocessing\process.py", line 108, in run
    self._target(*self._args, **self._kwargs)
  File "C:\Users\KAIST\AppData\Local\Programs\Python\Python312\Lib\multiprocessing\pool.py", line 136, in worker
    put((job, i, (False, wrapped)))
  File "C:\Users\KAIST\AppData\Local\Programs\Python\Python312\Lib\multiprocessing\queues.py", line 396, in put
    self._writer.send_bytes(obj)
  File "C:\Users\KAIST\AppData\Local\Programs\Python\Python312\Lib\multiprocessing\connection.py", line 200, in send_bytes
    self._send_bytes(m[offset:offset + size])
  File "C:\Users\KAIST\AppData\Local\Programs\Python\Python312\Lib\multiprocessing\connection.py", line 289, in _send_bytes
    ov, err = _winapi.WriteFile(self._handle, buf, overlapped=True)
              ^^^^^^^^^^^^^^^^^^^^^^^^^^^^^^^^^^^^^^^^^^^^^^^^^^^^^
BrokenPipeError: [WinError 232] ĆÄŔĚÇÁ°ˇ ´ÝČ÷´Â ÁßŔÔ´Ď´Ů
Process SpawnPoolWorker-27:
Traceback (most recent call last):
  File "C:\Users\KAIST\AppData\Local\Programs\Python\Python312\Lib\multiprocessing\pool.py", line 131, in worker
    put((job, i, result))
  File "C:\Users\KAIST\AppData\Local\Programs\Python\Python312\Lib\multiprocessing\queues.py", line 396, in put
    self._writer.send_bytes(obj)
  File "C:\Users\KAIST\AppData\Local\Programs\Python\Python312\Lib\multiprocessing\connection.py", line 200, in send_bytes
    self._send_bytes(m[offset:offset + size])
  File "C:\Users\KAIST\AppData\Local\Programs\Python\Python312\Lib\multiprocessing\connection.py", line 289, in _send_bytes
    ov, err = _winapi.WriteFile(self._handle, buf, overlapped=True)
              ^^^^^^^^^^^^^^^^^^^^^^^^^^^^^^^^^^^^^^^^^^^^^^^^^^^^^
BrokenPipeError: [WinError 232] ĆÄŔĚÇÁ°ˇ ´ÝČ÷´Â ÁßŔÔ´Ď´Ů

During handling of the above exception, another exception occurred:

Traceback (most recent call last):
  File "C:\Users\KAIST\AppData\Local\Programs\Python\Python312\Lib\multiprocessing\process.py", line 314, in _bootstrap
    self.run()
  File "C:\Users\KAIST\AppData\Local\Programs\Python\Python312\Lib\multiprocessing\process.py", line 108, in run
    self._target(*self._args, **self._kwargs)
  File "C:\Users\KAIST\AppData\Local\Programs\Python\Python312\Lib\multiprocessing\pool.py", line 136, in worker
    put((job, i, (False, wrapped)))
  File "C:\Users\KAIST\AppData\Local\Programs\Python\Python312\Lib\multiprocessing\queues.py", line 396, in put
    self._writer.send_bytes(obj)
  File "C:\Users\KAIST\AppData\Local\Programs\Python\Python312\Lib\multiprocessing\connection.py", line 200, in send_bytes
    self._send_bytes(m[offset:offset + size])
  File "C:\Users\KAIST\AppData\Local\Programs\Python\Python312\Lib\multiprocessing\connection.py", line 289, in _send_bytes
    ov, err = _winapi.WriteFile(self._handle, buf, overlapped=True)
              ^^^^^^^^^^^^^^^^^^^^^^^^^^^^^^^^^^^^^^^^^^^^^^^^^^^^^
BrokenPipeError: [WinError 232] ĆÄŔĚÇÁ°ˇ ´ÝČ÷´Â ÁßŔÔ´Ď´Ů
Process SpawnPoolWorker-29:
Traceback (most recent call last):
  File "C:\Users\KAIST\AppData\Local\Programs\Python\Python312\Lib\multiprocessing\pool.py", line 131, in worker
    put((job, i, result))
  File "C:\Users\KAIST\AppData\Local\Programs\Python\Python312\Lib\multiprocessing\queues.py", line 396, in put
    self._writer.send_bytes(obj)
  File "C:\Users\KAIST\AppData\Local\Programs\Python\Python312\Lib\multiprocessing\connection.py", line 200, in send_bytes
    self._send_bytes(m[offset:offset + size])
  File "C:\Users\KAIST\AppData\Local\Programs\Python\Python312\Lib\multiprocessing\connection.py", line 289, in _send_bytes
    ov, err = _winapi.WriteFile(self._handle, buf, overlapped=True)
              ^^^^^^^^^^^^^^^^^^^^^^^^^^^^^^^^^^^^^^^^^^^^^^^^^^^^^
BrokenPipeError: [WinError 232] ĆÄŔĚÇÁ°ˇ ´ÝČ÷´Â ÁßŔÔ´Ď´Ů

During handling of the above exception, another exception occurred:

Traceback (most recent call last):
  File "C:\Users\KAIST\AppData\Local\Programs\Python\Python312\Lib\multiprocessing\process.py", line 314, in _bootstrap
    self.run()
  File "C:\Users\KAIST\AppData\Local\Programs\Python\Python312\Lib\multiprocessing\process.py", line 108, in run
    self._target(*self._args, **self._kwargs)
  File "C:\Users\KAIST\AppData\Local\Programs\Python\Python312\Lib\multiprocessing\pool.py", line 136, in worker
    put((job, i, (False, wrapped)))
  File "C:\Users\KAIST\AppData\Local\Programs\Python\Python312\Lib\multiprocessing\queues.py", line 396, in put
    self._writer.send_bytes(obj)
  File "C:\Users\KAIST\AppData\Local\Programs\Python\Python312\Lib\multiprocessing\connection.py", line 200, in send_bytes
    self._send_bytes(m[offset:offset + size])
  File "C:\Users\KAIST\AppData\Local\Programs\Python\Python312\Lib\multiprocessing\connection.py", line 289, in _send_bytes
    ov, err = _winapi.WriteFile(self._handle, buf, overlapped=True)
              ^^^^^^^^^^^^^^^^^^^^^^^^^^^^^^^^^^^^^^^^^^^^^^^^^^^^^
BrokenPipeError: [WinError 232] ĆÄŔĚÇÁ°ˇ ´ÝČ÷´Â ÁßŔÔ´Ď´Ů
Process SpawnPoolWorker-26:
Traceback (most recent call last):
  File "C:\Users\KAIST\AppData\Local\Programs\Python\Python312\Lib\multiprocessing\pool.py", line 131, in worker
    put((job, i, result))
  File "C:\Users\KAIST\AppData\Local\Programs\Python\Python312\Lib\multiprocessing\queues.py", line 396, in put
    self._writer.send_bytes(obj)
  File "C:\Users\KAIST\AppData\Local\Programs\Python\Python312\Lib\multiprocessing\connection.py", line 200, in send_bytes
    self._send_bytes(m[offset:offset + size])
  File "C:\Users\KAIST\AppData\Local\Programs\Python\Python312\Lib\multiprocessing\connection.py", line 289, in _send_bytes
    ov, err = _winapi.WriteFile(self._handle, buf, overlapped=True)
              ^^^^^^^^^^^^^^^^^^^^^^^^^^^^^^^^^^^^^^^^^^^^^^^^^^^^^
BrokenPipeError: [WinError 232] ĆÄŔĚÇÁ°ˇ ´ÝČ÷´Â ÁßŔÔ´Ď´Ů

During handling of the above exception, another exception occurred:

Traceback (most recent call last):
  File "C:\Users\KAIST\AppData\Local\Programs\Python\Python312\Lib\multiprocessing\process.py", line 314, in _bootstrap
    self.run()
  File "C:\Users\KAIST\AppData\Local\Programs\Python\Python312\Lib\multiprocessing\process.py", line 108, in run
    self._target(*self._args, **self._kwargs)
  File "C:\Users\KAIST\AppData\Local\Programs\Python\Python312\Lib\multiprocessing\pool.py", line 136, in worker
    put((job, i, (False, wrapped)))
  File "C:\Users\KAIST\AppData\Local\Programs\Python\Python312\Lib\multiprocessing\queues.py", line 396, in put
    self._writer.send_bytes(obj)
  File "C:\Users\KAIST\AppData\Local\Programs\Python\Python312\Lib\multiprocessing\connection.py", line 200, in send_bytes
    self._send_bytes(m[offset:offset + size])
  File "C:\Users\KAIST\AppData\Local\Programs\Python\Python312\Lib\multiprocessing\connection.py", line 289, in _send_bytes
    ov, err = _winapi.WriteFile(self._handle, buf, overlapped=True)
              ^^^^^^^^^^^^^^^^^^^^^^^^^^^^^^^^^^^^^^^^^^^^^^^^^^^^^
BrokenPipeError: [WinError 232] ĆÄŔĚÇÁ°ˇ ´ÝČ÷´Â ÁßŔÔ´Ď´Ů
Process SpawnPoolWorker-38:
Process SpawnPoolWorker-31:
Traceback (most recent call last):
Traceback (most recent call last):
  File "C:\Users\KAIST\AppData\Local\Programs\Python\Python312\Lib\multiprocessing\pool.py", line 131, in worker
    put((job, i, result))
  File "C:\Users\KAIST\AppData\Local\Programs\Python\Python312\Lib\multiprocessing\queues.py", line 396, in put
    self._writer.send_bytes(obj)
  File "C:\Users\KAIST\AppData\Local\Programs\Python\Python312\Lib\multiprocessing\pool.py", line 131, in worker
    put((job, i, result))
  File "C:\Users\KAIST\AppData\Local\Programs\Python\Python312\Lib\multiprocessing\connection.py", line 200, in send_bytes
    self._send_bytes(m[offset:offset + size])
  File "C:\Users\KAIST\AppData\Local\Programs\Python\Python312\Lib\multiprocessing\queues.py", line 396, in put
    self._writer.send_bytes(obj)
  File "C:\Users\KAIST\AppData\Local\Programs\Python\Python312\Lib\multiprocessing\connection.py", line 289, in _send_bytes
    ov, err = _winapi.WriteFile(self._handle, buf, overlapped=True)
              ^^^^^^^^^^^^^^^^^^^^^^^^^^^^^^^^^^^^^^^^^^^^^^^^^^^^^
  File "C:\Users\KAIST\AppData\Local\Programs\Python\Python312\Lib\multiprocessing\connection.py", line 200, in send_bytes
    self._send_bytes(m[offset:offset + size])
BrokenPipeError: [WinError 232] ĆÄŔĚÇÁ°ˇ ´ÝČ÷´Â ÁßŔÔ´Ď´Ů
  File "C:\Users\KAIST\AppData\Local\Programs\Python\Python312\Lib\multiprocessing\connection.py", line 289, in _send_bytes
    ov, err = _winapi.WriteFile(self._handle, buf, overlapped=True)
              ^^^^^^^^^^^^^^^^^^^^^^^^^^^^^^^^^^^^^^^^^^^^^^^^^^^^^

During handling of the above exception, another exception occurred:

BrokenPipeError: [WinError 232] ĆÄŔĚÇÁ°ˇ ´ÝČ÷´Â ÁßŔÔ´Ď´Ů
Traceback (most recent call last):

During handling of the above exception, another exception occurred:

Traceback (most recent call last):
  File "C:\Users\KAIST\AppData\Local\Programs\Python\Python312\Lib\multiprocessing\process.py", line 314, in _bootstrap
    self.run()
  File "C:\Users\KAIST\AppData\Local\Programs\Python\Python312\Lib\multiprocessing\process.py", line 108, in run
    self._target(*self._args, **self._kwargs)
  File "C:\Users\KAIST\AppData\Local\Programs\Python\Python312\Lib\multiprocessing\process.py", line 314, in _bootstrap
    self.run()
  File "C:\Users\KAIST\AppData\Local\Programs\Python\Python312\Lib\multiprocessing\pool.py", line 136, in worker
    put((job, i, (False, wrapped)))
  File "C:\Users\KAIST\AppData\Local\Programs\Python\Python312\Lib\multiprocessing\process.py", line 108, in run
    self._target(*self._args, **self._kwargs)
  File "C:\Users\KAIST\AppData\Local\Programs\Python\Python312\Lib\multiprocessing\queues.py", line 396, in put
    self._writer.send_bytes(obj)
  File "C:\Users\KAIST\AppData\Local\Programs\Python\Python312\Lib\multiprocessing\pool.py", line 136, in worker
    put((job, i, (False, wrapped)))
  File "C:\Users\KAIST\AppData\Local\Programs\Python\Python312\Lib\multiprocessing\connection.py", line 200, in send_bytes
    self._send_bytes(m[offset:offset + size])
  File "C:\Users\KAIST\AppData\Local\Programs\Python\Python312\Lib\multiprocessing\queues.py", line 396, in put
    self._writer.send_bytes(obj)
  File "C:\Users\KAIST\AppData\Local\Programs\Python\Python312\Lib\multiprocessing\connection.py", line 289, in _send_bytes
    ov, err = _winapi.WriteFile(self._handle, buf, overlapped=True)
              ^^^^^^^^^^^^^^^^^^^^^^^^^^^^^^^^^^^^^^^^^^^^^^^^^^^^^
  File "C:\Users\KAIST\AppData\Local\Programs\Python\Python312\Lib\multiprocessing\connection.py", line 200, in send_bytes
    self._send_bytes(m[offset:offset + size])
BrokenPipeError: [WinError 232] ĆÄŔĚÇÁ°ˇ ´ÝČ÷´Â ÁßŔÔ´Ď´Ů
  File "C:\Users\KAIST\AppData\Local\Programs\Python\Python312\Lib\multiprocessing\connection.py", line 289, in _send_bytes
    ov, err = _winapi.WriteFile(self._handle, buf, overlapped=True)
              ^^^^^^^^^^^^^^^^^^^^^^^^^^^^^^^^^^^^^^^^^^^^^^^^^^^^^
BrokenPipeError: [WinError 232] ĆÄŔĚÇÁ°ˇ ´ÝČ÷´Â ÁßŔÔ´Ď´Ů
Process SpawnPoolWorker-30:
Traceback (most recent call last):
  File "C:\Users\KAIST\AppData\Local\Programs\Python\Python312\Lib\multiprocessing\pool.py", line 131, in worker
    put((job, i, result))
  File "C:\Users\KAIST\AppData\Local\Programs\Python\Python312\Lib\multiprocessing\queues.py", line 396, in put
    self._writer.send_bytes(obj)
  File "C:\Users\KAIST\AppData\Local\Programs\Python\Python312\Lib\multiprocessing\connection.py", line 200, in send_bytes
    self._send_bytes(m[offset:offset + size])
  File "C:\Users\KAIST\AppData\Local\Programs\Python\Python312\Lib\multiprocessing\connection.py", line 289, in _send_bytes
    ov, err = _winapi.WriteFile(self._handle, buf, overlapped=True)
              ^^^^^^^^^^^^^^^^^^^^^^^^^^^^^^^^^^^^^^^^^^^^^^^^^^^^^
BrokenPipeError: [WinError 232] ĆÄŔĚÇÁ°ˇ ´ÝČ÷´Â ÁßŔÔ´Ď´Ů

During handling of the above exception, another exception occurred:

Traceback (most recent call last):
  File "C:\Users\KAIST\AppData\Local\Programs\Python\Python312\Lib\multiprocessing\process.py", line 314, in _bootstrap
    self.run()
  File "C:\Users\KAIST\AppData\Local\Programs\Python\Python312\Lib\multiprocessing\process.py", line 108, in run
    self._target(*self._args, **self._kwargs)
  File "C:\Users\KAIST\AppData\Local\Programs\Python\Python312\Lib\multiprocessing\pool.py", line 136, in worker
    put((job, i, (False, wrapped)))
  File "C:\Users\KAIST\AppData\Local\Programs\Python\Python312\Lib\multiprocessing\queues.py", line 396, in put
    self._writer.send_bytes(obj)
  File "C:\Users\KAIST\AppData\Local\Programs\Python\Python312\Lib\multiprocessing\connection.py", line 200, in send_bytes
    self._send_bytes(m[offset:offset + size])
  File "C:\Users\KAIST\AppData\Local\Programs\Python\Python312\Lib\multiprocessing\connection.py", line 289, in _send_bytes
    ov, err = _winapi.WriteFile(self._handle, buf, overlapped=True)
              ^^^^^^^^^^^^^^^^^^^^^^^^^^^^^^^^^^^^^^^^^^^^^^^^^^^^^
BrokenPipeError: [WinError 232] ĆÄŔĚÇÁ°ˇ ´ÝČ÷´Â ÁßŔÔ´Ď´Ů
Process SpawnPoolWorker-39:
Traceback (most recent call last):
  File "C:\Users\KAIST\AppData\Local\Programs\Python\Python312\Lib\multiprocessing\pool.py", line 131, in worker
    put((job, i, result))
  File "C:\Users\KAIST\AppData\Local\Programs\Python\Python312\Lib\multiprocessing\queues.py", line 396, in put
    self._writer.send_bytes(obj)
  File "C:\Users\KAIST\AppData\Local\Programs\Python\Python312\Lib\multiprocessing\connection.py", line 200, in send_bytes
    self._send_bytes(m[offset:offset + size])
  File "C:\Users\KAIST\AppData\Local\Programs\Python\Python312\Lib\multiprocessing\connection.py", line 289, in _send_bytes
    ov, err = _winapi.WriteFile(self._handle, buf, overlapped=True)
              ^^^^^^^^^^^^^^^^^^^^^^^^^^^^^^^^^^^^^^^^^^^^^^^^^^^^^
BrokenPipeError: [WinError 232] ĆÄŔĚÇÁ°ˇ ´ÝČ÷´Â ÁßŔÔ´Ď´Ů

During handling of the above exception, another exception occurred:

Traceback (most recent call last):
  File "C:\Users\KAIST\AppData\Local\Programs\Python\Python312\Lib\multiprocessing\process.py", line 314, in _bootstrap
    self.run()
  File "C:\Users\KAIST\AppData\Local\Programs\Python\Python312\Lib\multiprocessing\process.py", line 108, in run
    self._target(*self._args, **self._kwargs)
  File "C:\Users\KAIST\AppData\Local\Programs\Python\Python312\Lib\multiprocessing\pool.py", line 136, in worker
    put((job, i, (False, wrapped)))
  File "C:\Users\KAIST\AppData\Local\Programs\Python\Python312\Lib\multiprocessing\queues.py", line 396, in put
    self._writer.send_bytes(obj)
  File "C:\Users\KAIST\AppData\Local\Programs\Python\Python312\Lib\multiprocessing\connection.py", line 200, in send_bytes
    self._send_bytes(m[offset:offset + size])
  File "C:\Users\KAIST\AppData\Local\Programs\Python\Python312\Lib\multiprocessing\connection.py", line 289, in _send_bytes
    ov, err = _winapi.WriteFile(self._handle, buf, overlapped=True)
              ^^^^^^^^^^^^^^^^^^^^^^^^^^^^^^^^^^^^^^^^^^^^^^^^^^^^^
BrokenPipeError: [WinError 232] ĆÄŔĚÇÁ°ˇ ´ÝČ÷´Â ÁßŔÔ´Ď´Ů
Process SpawnPoolWorker-33:
Traceback (most recent call last):
  File "C:\Users\KAIST\AppData\Local\Programs\Python\Python312\Lib\multiprocessing\pool.py", line 131, in worker
    put((job, i, result))
  File "C:\Users\KAIST\AppData\Local\Programs\Python\Python312\Lib\multiprocessing\queues.py", line 396, in put
    self._writer.send_bytes(obj)
  File "C:\Users\KAIST\AppData\Local\Programs\Python\Python312\Lib\multiprocessing\connection.py", line 200, in send_bytes
    self._send_bytes(m[offset:offset + size])
  File "C:\Users\KAIST\AppData\Local\Programs\Python\Python312\Lib\multiprocessing\connection.py", line 289, in _send_bytes
    ov, err = _winapi.WriteFile(self._handle, buf, overlapped=True)
              ^^^^^^^^^^^^^^^^^^^^^^^^^^^^^^^^^^^^^^^^^^^^^^^^^^^^^
BrokenPipeError: [WinError 232] ĆÄŔĚÇÁ°ˇ ´ÝČ÷´Â ÁßŔÔ´Ď´Ů

During handling of the above exception, another exception occurred:

Traceback (most recent call last):
  File "C:\Users\KAIST\AppData\Local\Programs\Python\Python312\Lib\multiprocessing\process.py", line 314, in _bootstrap
    self.run()
  File "C:\Users\KAIST\AppData\Local\Programs\Python\Python312\Lib\multiprocessing\process.py", line 108, in run
    self._target(*self._args, **self._kwargs)
  File "C:\Users\KAIST\AppData\Local\Programs\Python\Python312\Lib\multiprocessing\pool.py", line 136, in worker
    put((job, i, (False, wrapped)))
  File "C:\Users\KAIST\AppData\Local\Programs\Python\Python312\Lib\multiprocessing\queues.py", line 396, in put
    self._writer.send_bytes(obj)
  File "C:\Users\KAIST\AppData\Local\Programs\Python\Python312\Lib\multiprocessing\connection.py", line 200, in send_bytes
    self._send_bytes(m[offset:offset + size])
  File "C:\Users\KAIST\AppData\Local\Programs\Python\Python312\Lib\multiprocessing\connection.py", line 289, in _send_bytes
    ov, err = _winapi.WriteFile(self._handle, buf, overlapped=True)
              ^^^^^^^^^^^^^^^^^^^^^^^^^^^^^^^^^^^^^^^^^^^^^^^^^^^^^
BrokenPipeError: [WinError 232] ĆÄŔĚÇÁ°ˇ ´ÝČ÷´Â ÁßŔÔ´Ď´Ů
Process SpawnPoolWorker-34:
Traceback (most recent call last):
  File "C:\Users\KAIST\AppData\Local\Programs\Python\Python312\Lib\multiprocessing\pool.py", line 131, in worker
    put((job, i, result))
  File "C:\Users\KAIST\AppData\Local\Programs\Python\Python312\Lib\multiprocessing\queues.py", line 396, in put
    self._writer.send_bytes(obj)
  File "C:\Users\KAIST\AppData\Local\Programs\Python\Python312\Lib\multiprocessing\connection.py", line 200, in send_bytes
    self._send_bytes(m[offset:offset + size])
  File "C:\Users\KAIST\AppData\Local\Programs\Python\Python312\Lib\multiprocessing\connection.py", line 289, in _send_bytes
    ov, err = _winapi.WriteFile(self._handle, buf, overlapped=True)
              ^^^^^^^^^^^^^^^^^^^^^^^^^^^^^^^^^^^^^^^^^^^^^^^^^^^^^
BrokenPipeError: [WinError 232] ĆÄŔĚÇÁ°ˇ ´ÝČ÷´Â ÁßŔÔ´Ď´Ů

During handling of the above exception, another exception occurred:

Traceback (most recent call last):
  File "C:\Users\KAIST\AppData\Local\Programs\Python\Python312\Lib\multiprocessing\process.py", line 314, in _bootstrap
    self.run()
  File "C:\Users\KAIST\AppData\Local\Programs\Python\Python312\Lib\multiprocessing\process.py", line 108, in run
    self._target(*self._args, **self._kwargs)
  File "C:\Users\KAIST\AppData\Local\Programs\Python\Python312\Lib\multiprocessing\pool.py", line 136, in worker
    put((job, i, (False, wrapped)))
  File "C:\Users\KAIST\AppData\Local\Programs\Python\Python312\Lib\multiprocessing\queues.py", line 396, in put
    self._writer.send_bytes(obj)
  File "C:\Users\KAIST\AppData\Local\Programs\Python\Python312\Lib\multiprocessing\connection.py", line 200, in send_bytes
    self._send_bytes(m[offset:offset + size])
  File "C:\Users\KAIST\AppData\Local\Programs\Python\Python312\Lib\multiprocessing\connection.py", line 289, in _send_bytes
    ov, err = _winapi.WriteFile(self._handle, buf, overlapped=True)
              ^^^^^^^^^^^^^^^^^^^^^^^^^^^^^^^^^^^^^^^^^^^^^^^^^^^^^
BrokenPipeError: [WinError 232] ĆÄŔĚÇÁ°ˇ ´ÝČ÷´Â ÁßŔÔ´Ď´Ů
Process SpawnPoolWorker-37:
Traceback (most recent call last):
  File "C:\Users\KAIST\AppData\Local\Programs\Python\Python312\Lib\multiprocessing\pool.py", line 131, in worker
    put((job, i, result))
  File "C:\Users\KAIST\AppData\Local\Programs\Python\Python312\Lib\multiprocessing\queues.py", line 396, in put
    self._writer.send_bytes(obj)
  File "C:\Users\KAIST\AppData\Local\Programs\Python\Python312\Lib\multiprocessing\connection.py", line 200, in send_bytes
    self._send_bytes(m[offset:offset + size])
  File "C:\Users\KAIST\AppData\Local\Programs\Python\Python312\Lib\multiprocessing\connection.py", line 289, in _send_bytes
    ov, err = _winapi.WriteFile(self._handle, buf, overlapped=True)
              ^^^^^^^^^^^^^^^^^^^^^^^^^^^^^^^^^^^^^^^^^^^^^^^^^^^^^
BrokenPipeError: [WinError 232] ĆÄŔĚÇÁ°ˇ ´ÝČ÷´Â ÁßŔÔ´Ď´Ů

During handling of the above exception, another exception occurred:

Traceback (most recent call last):
  File "C:\Users\KAIST\AppData\Local\Programs\Python\Python312\Lib\multiprocessing\process.py", line 314, in _bootstrap
    self.run()
  File "C:\Users\KAIST\AppData\Local\Programs\Python\Python312\Lib\multiprocessing\process.py", line 108, in run
    self._target(*self._args, **self._kwargs)
  File "C:\Users\KAIST\AppData\Local\Programs\Python\Python312\Lib\multiprocessing\pool.py", line 136, in worker
    put((job, i, (False, wrapped)))
  File "C:\Users\KAIST\AppData\Local\Programs\Python\Python312\Lib\multiprocessing\queues.py", line 396, in put
    self._writer.send_bytes(obj)
  File "C:\Users\KAIST\AppData\Local\Programs\Python\Python312\Lib\multiprocessing\connection.py", line 200, in send_bytes
    self._send_bytes(m[offset:offset + size])
  File "C:\Users\KAIST\AppData\Local\Programs\Python\Python312\Lib\multiprocessing\connection.py", line 289, in _send_bytes
    ov, err = _winapi.WriteFile(self._handle, buf, overlapped=True)
              ^^^^^^^^^^^^^^^^^^^^^^^^^^^^^^^^^^^^^^^^^^^^^^^^^^^^^
BrokenPipeError: [WinError 232] ĆÄŔĚÇÁ°ˇ ´ÝČ÷´Â ÁßŔÔ´Ď´Ů
Process SpawnPoolWorker-32:
Traceback (most recent call last):
  File "C:\Users\KAIST\AppData\Local\Programs\Python\Python312\Lib\multiprocessing\pool.py", line 131, in worker
    put((job, i, result))
  File "C:\Users\KAIST\AppData\Local\Programs\Python\Python312\Lib\multiprocessing\queues.py", line 396, in put
    self._writer.send_bytes(obj)
  File "C:\Users\KAIST\AppData\Local\Programs\Python\Python312\Lib\multiprocessing\connection.py", line 200, in send_bytes
    self._send_bytes(m[offset:offset + size])
  File "C:\Users\KAIST\AppData\Local\Programs\Python\Python312\Lib\multiprocessing\connection.py", line 289, in _send_bytes
    ov, err = _winapi.WriteFile(self._handle, buf, overlapped=True)
              ^^^^^^^^^^^^^^^^^^^^^^^^^^^^^^^^^^^^^^^^^^^^^^^^^^^^^
BrokenPipeError: [WinError 232] ĆÄŔĚÇÁ°ˇ ´ÝČ÷´Â ÁßŔÔ´Ď´Ů

During handling of the above exception, another exception occurred:

Traceback (most recent call last):
  File "C:\Users\KAIST\AppData\Local\Programs\Python\Python312\Lib\multiprocessing\process.py", line 314, in _bootstrap
    self.run()
  File "C:\Users\KAIST\AppData\Local\Programs\Python\Python312\Lib\multiprocessing\process.py", line 108, in run
    self._target(*self._args, **self._kwargs)
  File "C:\Users\KAIST\AppData\Local\Programs\Python\Python312\Lib\multiprocessing\pool.py", line 136, in worker
    put((job, i, (False, wrapped)))
  File "C:\Users\KAIST\AppData\Local\Programs\Python\Python312\Lib\multiprocessing\queues.py", line 396, in put
    self._writer.send_bytes(obj)
  File "C:\Users\KAIST\AppData\Local\Programs\Python\Python312\Lib\multiprocessing\connection.py", line 200, in send_bytes
    self._send_bytes(m[offset:offset + size])
  File "C:\Users\KAIST\AppData\Local\Programs\Python\Python312\Lib\multiprocessing\connection.py", line 289, in _send_bytes
    ov, err = _winapi.WriteFile(self._handle, buf, overlapped=True)
              ^^^^^^^^^^^^^^^^^^^^^^^^^^^^^^^^^^^^^^^^^^^^^^^^^^^^^
BrokenPipeError: [WinError 232] ĆÄŔĚÇÁ°ˇ ´ÝČ÷´Â ÁßŔÔ´Ď´Ů
Process SpawnPoolWorker-36:
Traceback (most recent call last):
  File "C:\Users\KAIST\AppData\Local\Programs\Python\Python312\Lib\multiprocessing\pool.py", line 131, in worker
    put((job, i, result))
  File "C:\Users\KAIST\AppData\Local\Programs\Python\Python312\Lib\multiprocessing\queues.py", line 396, in put
    self._writer.send_bytes(obj)
  File "C:\Users\KAIST\AppData\Local\Programs\Python\Python312\Lib\multiprocessing\connection.py", line 200, in send_bytes
    self._send_bytes(m[offset:offset + size])
  File "C:\Users\KAIST\AppData\Local\Programs\Python\Python312\Lib\multiprocessing\connection.py", line 289, in _send_bytes
    ov, err = _winapi.WriteFile(self._handle, buf, overlapped=True)
              ^^^^^^^^^^^^^^^^^^^^^^^^^^^^^^^^^^^^^^^^^^^^^^^^^^^^^
BrokenPipeError: [WinError 232] ĆÄŔĚÇÁ°ˇ ´ÝČ÷´Â ÁßŔÔ´Ď´Ů

During handling of the above exception, another exception occurred:

Traceback (most recent call last):
  File "C:\Users\KAIST\AppData\Local\Programs\Python\Python312\Lib\multiprocessing\process.py", line 314, in _bootstrap
    self.run()
  File "C:\Users\KAIST\AppData\Local\Programs\Python\Python312\Lib\multiprocessing\process.py", line 108, in run
    self._target(*self._args, **self._kwargs)
  File "C:\Users\KAIST\AppData\Local\Programs\Python\Python312\Lib\multiprocessing\pool.py", line 136, in worker
    put((job, i, (False, wrapped)))
  File "C:\Users\KAIST\AppData\Local\Programs\Python\Python312\Lib\multiprocessing\queues.py", line 396, in put
    self._writer.send_bytes(obj)
  File "C:\Users\KAIST\AppData\Local\Programs\Python\Python312\Lib\multiprocessing\connection.py", line 200, in send_bytes
    self._send_bytes(m[offset:offset + size])
  File "C:\Users\KAIST\AppData\Local\Programs\Python\Python312\Lib\multiprocessing\connection.py", line 289, in _send_bytes
    ov, err = _winapi.WriteFile(self._handle, buf, overlapped=True)
              ^^^^^^^^^^^^^^^^^^^^^^^^^^^^^^^^^^^^^^^^^^^^^^^^^^^^^
BrokenPipeError: [WinError 232] ĆÄŔĚÇÁ°ˇ ´ÝČ÷´Â ÁßŔÔ´Ď´Ů
Process SpawnPoolWorker-35:
Traceback (most recent call last):
  File "C:\Users\KAIST\AppData\Local\Programs\Python\Python312\Lib\multiprocessing\pool.py", line 131, in worker
    put((job, i, result))
  File "C:\Users\KAIST\AppData\Local\Programs\Python\Python312\Lib\multiprocessing\queues.py", line 396, in put
    self._writer.send_bytes(obj)
  File "C:\Users\KAIST\AppData\Local\Programs\Python\Python312\Lib\multiprocessing\connection.py", line 200, in send_bytes
    self._send_bytes(m[offset:offset + size])
  File "C:\Users\KAIST\AppData\Local\Programs\Python\Python312\Lib\multiprocessing\connection.py", line 289, in _send_bytes
    ov, err = _winapi.WriteFile(self._handle, buf, overlapped=True)
              ^^^^^^^^^^^^^^^^^^^^^^^^^^^^^^^^^^^^^^^^^^^^^^^^^^^^^
BrokenPipeError: [WinError 232] ĆÄŔĚÇÁ°ˇ ´ÝČ÷´Â ÁßŔÔ´Ď´Ů

During handling of the above exception, another exception occurred:

Traceback (most recent call last):
  File "C:\Users\KAIST\AppData\Local\Programs\Python\Python312\Lib\multiprocessing\process.py", line 314, in _bootstrap
    self.run()
  File "C:\Users\KAIST\AppData\Local\Programs\Python\Python312\Lib\multiprocessing\process.py", line 108, in run
    self._target(*self._args, **self._kwargs)
  File "C:\Users\KAIST\AppData\Local\Programs\Python\Python312\Lib\multiprocessing\pool.py", line 136, in worker
    put((job, i, (False, wrapped)))
  File "C:\Users\KAIST\AppData\Local\Programs\Python\Python312\Lib\multiprocessing\queues.py", line 396, in put
    self._writer.send_bytes(obj)
  File "C:\Users\KAIST\AppData\Local\Programs\Python\Python312\Lib\multiprocessing\connection.py", line 200, in send_bytes
    self._send_bytes(m[offset:offset + size])
  File "C:\Users\KAIST\AppData\Local\Programs\Python\Python312\Lib\multiprocessing\connection.py", line 289, in _send_bytes
    ov, err = _winapi.WriteFile(self._handle, buf, overlapped=True)
              ^^^^^^^^^^^^^^^^^^^^^^^^^^^^^^^^^^^^^^^^^^^^^^^^^^^^^
BrokenPipeError: [WinError 232] ĆÄŔĚÇÁ°ˇ ´ÝČ÷´Â ÁßŔÔ´Ď´Ů
Process SpawnPoolWorker-40:
Traceback (most recent call last):
  File "C:\Users\KAIST\AppData\Local\Programs\Python\Python312\Lib\multiprocessing\pool.py", line 131, in worker
    put((job, i, result))
  File "C:\Users\KAIST\AppData\Local\Programs\Python\Python312\Lib\multiprocessing\queues.py", line 396, in put
    self._writer.send_bytes(obj)
  File "C:\Users\KAIST\AppData\Local\Programs\Python\Python312\Lib\multiprocessing\connection.py", line 200, in send_bytes
    self._send_bytes(m[offset:offset + size])
  File "C:\Users\KAIST\AppData\Local\Programs\Python\Python312\Lib\multiprocessing\connection.py", line 289, in _send_bytes
    ov, err = _winapi.WriteFile(self._handle, buf, overlapped=True)
              ^^^^^^^^^^^^^^^^^^^^^^^^^^^^^^^^^^^^^^^^^^^^^^^^^^^^^
BrokenPipeError: [WinError 232] ĆÄŔĚÇÁ°ˇ ´ÝČ÷´Â ÁßŔÔ´Ď´Ů

During handling of the above exception, another exception occurred:

Traceback (most recent call last):
  File "C:\Users\KAIST\AppData\Local\Programs\Python\Python312\Lib\multiprocessing\process.py", line 314, in _bootstrap
    self.run()
  File "C:\Users\KAIST\AppData\Local\Programs\Python\Python312\Lib\multiprocessing\process.py", line 108, in run
    self._target(*self._args, **self._kwargs)
  File "C:\Users\KAIST\AppData\Local\Programs\Python\Python312\Lib\multiprocessing\pool.py", line 136, in worker
    put((job, i, (False, wrapped)))
  File "C:\Users\KAIST\AppData\Local\Programs\Python\Python312\Lib\multiprocessing\queues.py", line 396, in put
    self._writer.send_bytes(obj)
  File "C:\Users\KAIST\AppData\Local\Programs\Python\Python312\Lib\multiprocessing\connection.py", line 200, in send_bytes
    self._send_bytes(m[offset:offset + size])
  File "C:\Users\KAIST\AppData\Local\Programs\Python\Python312\Lib\multiprocessing\connection.py", line 289, in _send_bytes
    ov, err = _winapi.WriteFile(self._handle, buf, overlapped=True)
              ^^^^^^^^^^^^^^^^^^^^^^^^^^^^^^^^^^^^^^^^^^^^^^^^^^^^^
BrokenPipeError: [WinError 232] ĆÄŔĚÇÁ°ˇ ´ÝČ÷´Â ÁßŔÔ´Ď´Ů
