
########################################################################
Candidate: baseline_a3_lr0p003_l21
Output   : D:\Dropbox\0_Lab_504\Codes\504_ML\NN\results_v2.0_robustness\nmc100_navg10_search_0608\baseline_a3_lr0p003_l21.mat
########################################################################
Existing result found; using saved MAT.
Candidate R2OOS: [-0.106140097814 -0.101317357121 -0.099762243596 -0.095057026278
 -0.085318860279 -0.106183978473 -0.086553296841 -0.084995472574
 -0.107556368061]
dy_9 R2OOS     : -0.107556368061
dy_9 is not positive; continuing to next hyperparameter set.

########################################################################
Candidate: a3_lr0p001_l21_ep20_p3_twlong8
Output   : D:\Dropbox\0_Lab_504\Codes\504_ML\NN\results_v2.0_robustness\nmc100_navg10_search_0608\a3_lr0p001_l21_ep20_p3_twlong8.mat
########################################################################

========================================================================
Experiment settings
========================================================================
Data path       : D:\Dropbox\0_Lab_504\Codes\504_ML\NN\data\target_and_features.mat
Feature groups  : ['yoy_fwd']
Target group    : dy
Target indices  : None
Model           : NN
Run tag         : nmc100_navg10_0608_a3_lr0p001_l21_ep20_p3_twlong8
Output file     : D:\Dropbox\0_Lab_504\Codes\504_ML\NN\results_v2.0_robustness\nmc100_navg10_search_0608\a3_lr0p001_l21_ep20_p3_twlong8.mat
X shape         : (629, 9)
Y shape         : (629, 9)
OOS start       : 1980-01-31
Horizon         : 12
Hyper frequency : 60
NMC / NAVG      : 100 / 10
CPU workers     : 20
------------------------------------------------------------------------
Model parameters
{
  "archi": [
    3
  ],
  "Dropout": 0.0,
  "l1l2": [
    0.0,
    1.0
  ],
  "learning_rate": 0.001,
  "decay_rate": 0.001,
  "momentum": 0.9,
  "nesterov": true,
  "epochs": 20,
  "patience": 3,
  "batch_size": 32,
  "validation_split": 0.15,
  "purge_size": 12,
  "shuffle": false,
  "loss_name": "mse",
  "huber_delta": 1.0,
  "use_bias": false,
  "regularize_output": true,
  "target_weights": [
    0.5,
    0.5,
    0.5,
    0.5,
    0.5,
    0.5,
    0.5,
    0.5,
    8.0
  ]
}
========================================================================

Total OOS steps: 540
[   1/540] 1980-01-31 | oos=   1 | refit=True  | val=  5.347206 | best=  5.347206 | R2=[ 0.1641 -0.1012  0.0074 -0.1206 -0.0993 -0.1712  0.1459 -0.1902 -0.0766]
[  60/540] 1984-12-31 | oos=  60 | refit=True  | val=  3.175272 | best=  3.175272 | R2=[0.0033 0.0025 0.0026 0.0021 0.0025 0.0004 0.0038 0.0031 0.0029]
[ 120/540] 1989-12-31 | oos= 120 | refit=True  | val=  1.228643 | best=  1.228643 | R2=[-0.0047 -0.0075 -0.0088 -0.0104 -0.0097 -0.0125 -0.0073 -0.0084 -0.1533]
[ 180/540] 1994-12-31 | oos= 180 | refit=True  | val=  1.692152 | best=  1.692152 | R2=[-0.0007 -0.0021 -0.0031 -0.0043 -0.0038 -0.0062 -0.0021 -0.0031 -0.0938]
[ 240/540] 1999-12-31 | oos= 240 | refit=False | val=  0.691754 | best=  0.691754 | R2=[-0.001  -0.0016 -0.002  -0.0029 -0.002  -0.0041 -0.0002 -0.0011 -0.0774]
[ 300/540] 2004-12-31 | oos= 300 | refit=True  | val=  0.957012 | best=  0.957012 | R2=[-0.0009 -0.0002  0.0003  0.      0.0013 -0.0005  0.0033  0.0026 -0.0538]
[ 360/540] 2009-12-31 | oos= 360 | refit=True  | val=  0.666486 | best=  0.666486 | R2=[ 0.0022  0.0033  0.004   0.0037  0.0049  0.003   0.0064  0.0057 -0.0346]
[ 420/540] 2014-12-31 | oos= 420 | refit=True  | val=  0.666167 | best=  0.666167 | R2=[ 0.002   0.003   0.0038  0.0039  0.0053  0.0039  0.0077  0.0074 -0.0309]
[ 480/540] 2019-12-31 | oos= 480 | refit=True  | val=  0.450567 | best=  0.450567 | R2=[ 0.0011  0.0018  0.0025  0.0027  0.004   0.0027  0.0063  0.0061 -0.0363]
[ 540/540] 2024-12-31 | oos= 540 | refit=True  | val=  1.299115 | best=  1.299115 | R2=[-0.001  -0.0006 -0.0001  0.0001  0.0012  0.0001  0.0032  0.0028 -0.0599]

========================================================================
Finished
========================================================================
Saved to : D:\Dropbox\0_Lab_504\Codes\504_ML\NN\results_v2.0_robustness\nmc100_navg10_search_0608\a3_lr0p001_l21_ep20_p3_twlong8.mat
R2OOS    : [-0.001  -0.0006 -0.0001  0.0001  0.0012  0.0001  0.0032  0.0028 -0.0599]
p-values : [0.5182 0.4661 0.4233 0.4114 0.3382 0.4101 0.219  0.2493 0.3715]
========================================================================
Candidate R2OOS: [-1.012862603757e-03 -6.158360737036e-04 -9.878135795405e-05
  1.047915811002e-04  1.239469171661e-03  1.498804154487e-04
  3.240156184092e-03  2.844601695401e-03 -5.988830263599e-02]
dy_9 R2OOS     : -0.059888302636
dy_9 is not positive; continuing to next hyperparameter set.

########################################################################
Candidate: a1_lr0p001_l21_ep20_p3_twlong8
Output   : D:\Dropbox\0_Lab_504\Codes\504_ML\NN\results_v2.0_robustness\nmc100_navg10_search_0608\a1_lr0p001_l21_ep20_p3_twlong8.mat
########################################################################

========================================================================
Experiment settings
========================================================================
Data path       : D:\Dropbox\0_Lab_504\Codes\504_ML\NN\data\target_and_features.mat
Feature groups  : ['yoy_fwd']
Target group    : dy
Target indices  : None
Model           : NN
Run tag         : nmc100_navg10_0608_a1_lr0p001_l21_ep20_p3_twlong8
Output file     : D:\Dropbox\0_Lab_504\Codes\504_ML\NN\results_v2.0_robustness\nmc100_navg10_search_0608\a1_lr0p001_l21_ep20_p3_twlong8.mat
X shape         : (629, 9)
Y shape         : (629, 9)
OOS start       : 1980-01-31
Horizon         : 12
Hyper frequency : 60
NMC / NAVG      : 100 / 10
CPU workers     : 20
------------------------------------------------------------------------
Model parameters
{
  "archi": [
    1
  ],
  "Dropout": 0.0,
  "l1l2": [
    0.0,
    1.0
  ],
  "learning_rate": 0.001,
  "decay_rate": 0.001,
  "momentum": 0.9,
  "nesterov": true,
  "epochs": 20,
  "patience": 3,
  "batch_size": 32,
  "validation_split": 0.15,
  "purge_size": 12,
  "shuffle": false,
  "loss_name": "mse",
  "huber_delta": 1.0,
  "use_bias": false,
  "regularize_output": true,
  "target_weights": [
    0.5,
    0.5,
    0.5,
    0.5,
    0.5,
    0.5,
    0.5,
    0.5,
    8.0
  ]
}
========================================================================

Total OOS steps: 540
[   1/540] 1980-01-31 | oos=   1 | refit=True  | val=  3.761447 | best=  3.761447 | R2=[-0.0712  0.3017  0.0544  0.0832  0.0624 -0.0042 -0.2302  0.2302 -0.1665]
[  60/540] 1984-12-31 | oos=  60 | refit=True  | val=  3.017594 | best=  3.017594 | R2=[-0.0064 -0.004  -0.0048 -0.0027  0.0003 -0.0039 -0.0018  0.0039 -0.1917]
[ 120/540] 1989-12-31 | oos= 120 | refit=True  | val=  1.133827 | best=  1.133827 | R2=[-0.0104 -0.0096 -0.0112 -0.0095 -0.0069 -0.0107 -0.0083 -0.0055 -0.2395]
[ 180/540] 1994-12-31 | oos= 180 | refit=True  | val=  1.663338 | best=  1.663338 | R2=[-0.007  -0.0059 -0.007  -0.0057 -0.0036 -0.0068 -0.0049 -0.0027 -0.177 ]
[ 240/540] 1999-12-31 | oos= 240 | refit=False | val=  0.692078 | best=  0.692078 | R2=[-0.0072 -0.0055 -0.0061 -0.0047 -0.0025 -0.0053 -0.0035 -0.0014 -0.1545]
[ 300/540] 2004-12-31 | oos= 300 | refit=True  | val=  0.932137 | best=  0.932137 | R2=[-0.0057 -0.0037 -0.0037 -0.0022 -0.     -0.0024 -0.0007  0.0013 -0.1278]
[ 360/540] 2009-12-31 | oos= 360 | refit=True  | val=  0.636145 | best=  0.636145 | R2=[-2.200e-03  1.000e-04  2.000e-04  1.500e-03  3.500e-03  1.000e-03
  2.500e-03  4.300e-03 -1.053e-01]
[ 420/540] 2014-12-31 | oos= 420 | refit=True  | val=  0.635175 | best=  0.635175 | R2=[-0.0023 -0.0001  0.      0.0015  0.0036  0.0014  0.003   0.0049 -0.0957]
[ 480/540] 2019-12-31 | oos= 480 | refit=True  | val=  0.433990 | best=  0.433990 | R2=[-0.0022 -0.0001  0.      0.0014  0.0034  0.0013  0.0028  0.0046 -0.0893]
