
########################################################################
Candidate: baseline_a3_lr0p003_l21
Output   : D:\Dropbox\0_Lab_504\Codes\504_ML\NN\results_v2.0_robustness\nmc100_navg10_search_0608\baseline_a3_lr0p003_l21.mat
########################################################################

========================================================================
Experiment settings
========================================================================
Data path       : D:\Dropbox\0_Lab_504\Codes\504_ML\NN\data\target_and_features.mat
Feature groups  : ['yoy_fwd']
Target group    : dy
Target indices  : None
Model           : NN
Run tag         : nmc100_navg10_0608_baseline_a3_lr0p003_l21
Output file     : D:\Dropbox\0_Lab_504\Codes\504_ML\NN\results_v2.0_robustness\nmc100_navg10_search_0608\baseline_a3_lr0p003_l21.mat
X shape         : (629, 9)
Y shape         : (629, 9)
OOS start       : 1980-01-31
Horizon         : 12
Hyper frequency : 60
NMC / NAVG      : 100 / 10
CPU workers     : 20
------------------------------------------------------------------------
Model parameters
{
  "archi": [
    3
  ],
  "Dropout": 0.0,
  "l1l2": [
    0.0,
    1.0
  ],
  "learning_rate": 0.003,
  "decay_rate": 0.001,
  "momentum": 0.9,
  "nesterov": true,
  "epochs": 100,
  "patience": 6,
  "batch_size": 32,
  "validation_split": 0.15,
  "purge_size": 12,
  "shuffle": false,
  "loss_name": "mse",
  "huber_delta": 1.0,
  "use_bias": false,
  "regularize_output": true
}
========================================================================

Total OOS steps: 540
[   1/540] 1980-01-31 | oos=   1 | refit=True  | val=  1.856952 | best=  1.856952 | R2=[-0.002  -0.0029 -0.0027 -0.0023 -0.0018 -0.001  -0.0014 -0.0025 -0.0003]
[  60/540] 1984-12-31 | oos=  60 | refit=True  | val=  3.150350 | best=  3.150350 | R2=[-0.1721 -0.1445 -0.1255 -0.103  -0.077  -0.1085 -0.0754 -0.0644 -0.1116]
[ 120/540] 1989-12-31 | oos= 120 | refit=True  | val=  1.115542 | best=  1.115542 | R2=[-0.2328 -0.2308 -0.2333 -0.2221 -0.2081 -0.2497 -0.2044 -0.2085 -0.2518]
[ 180/540] 1994-12-31 | oos= 180 | refit=True  | val=  2.111714 | best=  2.111714 | R2=[-0.1778 -0.1719 -0.1732 -0.1676 -0.1577 -0.1933 -0.161  -0.1644 -0.2005]
[ 240/540] 1999-12-31 | oos= 240 | refit=False | val=  0.669300 | best=  0.669300 | R2=[-0.1741 -0.1606 -0.1572 -0.149  -0.1361 -0.1679 -0.1373 -0.1392 -0.1725]
[ 300/540] 2004-12-31 | oos= 300 | refit=True  | val=  1.408803 | best=  1.408803 | R2=[-0.1414 -0.1292 -0.1255 -0.1198 -0.1083 -0.1386 -0.1125 -0.1145 -0.1467]
[ 360/540] 2009-12-31 | oos= 360 | refit=True  | val=  1.128152 | best=  1.128152 | R2=[-0.1252 -0.1158 -0.1134 -0.1088 -0.0989 -0.128  -0.1051 -0.1071 -0.1384]
[ 420/540] 2014-12-31 | oos= 420 | refit=False | val=  0.584161 | best=  0.584161 | R2=[-0.1287 -0.1218 -0.1195 -0.1127 -0.1004 -0.125  -0.1001 -0.0985 -0.1253]
[ 480/540] 2019-12-31 | oos= 480 | refit=True  | val=  0.399151 | best=  0.399151 | R2=[-0.1228 -0.1157 -0.1129 -0.1063 -0.0947 -0.1174 -0.0944 -0.0926 -0.1174]
[ 540/540] 2024-12-31 | oos= 540 | refit=True  | val=  1.625908 | best=  1.625908 | R2=[-0.1061 -0.1013 -0.0998 -0.0951 -0.0853 -0.1062 -0.0866 -0.085  -0.1076]

========================================================================
Finished
========================================================================
Saved to : D:\Dropbox\0_Lab_504\Codes\504_ML\NN\results_v2.0_robustness\nmc100_navg10_search_0608\baseline_a3_lr0p003_l21.mat
R2OOS    : [-0.1061 -0.1013 -0.0998 -0.0951 -0.0853 -0.1062 -0.0866 -0.085  -0.1076]
p-values : [0.8467 0.7915 0.7551 0.7188 0.633  0.704  0.6001 0.5665 0.6678]
========================================================================
Candidate R2OOS: [-0.106140097814 -0.101317357121 -0.099762243596 -0.095057026278
 -0.085318860279 -0.106183978473 -0.086553296841 -0.084995472574
 -0.107556368061]
dy_9 R2OOS     : -0.107556368061
dy_9 is not positive; continuing to next hyperparameter set.

########################################################################
Candidate: a3_lr0p002_l21
Output   : D:\Dropbox\0_Lab_504\Codes\504_ML\NN\results_v2.0_robustness\nmc100_navg10_search_0608\a3_lr0p002_l21.mat
########################################################################

========================================================================
Experiment settings
========================================================================
Data path       : D:\Dropbox\0_Lab_504\Codes\504_ML\NN\data\target_and_features.mat
Feature groups  : ['yoy_fwd']
Target group    : dy
Target indices  : None
Model           : NN
Run tag         : nmc100_navg10_0608_a3_lr0p002_l21
Output file     : D:\Dropbox\0_Lab_504\Codes\504_ML\NN\results_v2.0_robustness\nmc100_navg10_search_0608\a3_lr0p002_l21.mat
X shape         : (629, 9)
Y shape         : (629, 9)
OOS start       : 1980-01-31
Horizon         : 12
Hyper frequency : 60
NMC / NAVG      : 100 / 10
CPU workers     : 20
------------------------------------------------------------------------
Model parameters
{
  "archi": [
    3
  ],
  "Dropout": 0.0,
  "l1l2": [
    0.0,
    1.0
  ],
  "learning_rate": 0.002,
  "decay_rate": 0.001,
  "momentum": 0.9,
  "nesterov": true,
  "epochs": 100,
  "patience": 6,
  "batch_size": 32,
  "validation_split": 0.15,
  "purge_size": 12,
  "shuffle": false,
  "loss_name": "mse",
  "huber_delta": 1.0,
  "use_bias": false,
  "regularize_output": true
}
========================================================================

Total OOS steps: 540
[   1/540] 1980-01-31 | oos=   1 | refit=True  | val=  1.847612 | best=  1.847612 | R2=[-0.0082 -0.0075 -0.0065 -0.0057 -0.0053 -0.0052 -0.004  -0.0036 -0.0044]
[  60/540] 1984-12-31 | oos=  60 | refit=True  | val=  3.078520 | best=  3.078520 | R2=[0.0216 0.0222 0.022  0.02   0.0242 0.0221 0.0215 0.0257 0.0218]
[ 120/540] 1989-12-31 | oos= 120 | refit=True  | val=  1.120584 | best=  1.120584 | R2=[-0.0629 -0.0849 -0.1017 -0.1109 -0.1121 -0.1348 -0.1153 -0.1221 -0.1358]
