
########################################################################
Candidate: baseline_a3_lr0p003_l21
Output   : D:\Dropbox\0_Lab_504\Codes\504_ML\NN\results_v2.0_robustness\nmc100_navg10_search_0608\baseline_a3_lr0p003_l21.mat
########################################################################
Existing result found; using saved MAT.
Candidate R2OOS: [-0.106140097814 -0.101317357121 -0.099762243596 -0.095057026278
 -0.085318860279 -0.106183978473 -0.086553296841 -0.084995472574
 -0.107556368061]
dy_9 R2OOS     : -0.107556368061
dy_9 is not positive; continuing to next hyperparameter set.

########################################################################
Candidate: a3_lr0p001_l21_ep20_p3_twlong8
Output   : D:\Dropbox\0_Lab_504\Codes\504_ML\NN\results_v2.0_robustness\nmc100_navg10_search_0608\a3_lr0p001_l21_ep20_p3_twlong8.mat
########################################################################
Existing result found; using saved MAT.
Candidate R2OOS: [-1.012862603757e-03 -6.158360737036e-04 -9.878135795405e-05
  1.047915811002e-04  1.239469171661e-03  1.498804154487e-04
  3.240156184092e-03  2.844601695401e-03 -5.988830263599e-02]
dy_9 R2OOS     : -0.059888302636
dy_9 is not positive; continuing to next hyperparameter set.

########################################################################
Candidate: a1_lr0p001_l21_ep20_p3_twlong8
Output   : D:\Dropbox\0_Lab_504\Codes\504_ML\NN\results_v2.0_robustness\nmc100_navg10_search_0608\a1_lr0p001_l21_ep20_p3_twlong8.mat
########################################################################

========================================================================
Experiment settings
========================================================================
Data path       : D:\Dropbox\0_Lab_504\Codes\504_ML\NN\data\target_and_features.mat
Feature groups  : ['yoy_fwd']
Target group    : dy
Target indices  : None
Model           : NN
Run tag         : nmc100_navg10_0608_a1_lr0p001_l21_ep20_p3_twlong8
Output file     : D:\Dropbox\0_Lab_504\Codes\504_ML\NN\results_v2.0_robustness\nmc100_navg10_search_0608\a1_lr0p001_l21_ep20_p3_twlong8.mat
X shape         : (629, 9)
Y shape         : (629, 9)
OOS start       : 1980-01-31
Horizon         : 12
Hyper frequency : 60
NMC / NAVG      : 100 / 10
CPU workers     : 20
------------------------------------------------------------------------
Model parameters
{
  "archi": [
    1
  ],
  "Dropout": 0.0,
  "l1l2": [
    0.0,
    1.0
  ],
  "learning_rate": 0.001,
  "decay_rate": 0.001,
  "momentum": 0.9,
  "nesterov": true,
  "epochs": 20,
  "patience": 3,
  "batch_size": 32,
  "validation_split": 0.15,
  "purge_size": 12,
  "shuffle": false,
  "loss_name": "mse",
  "huber_delta": 1.0,
  "use_bias": false,
  "regularize_output": true,
  "target_weights": [
    0.5,
    0.5,
    0.5,
    0.5,
    0.5,
    0.5,
    0.5,
    0.5,
    8.0
  ]
}
========================================================================

Total OOS steps: 540
[   1/540] 1980-01-31 | oos=   1 | refit=True  | val=  3.761447 | best=  3.761447 | R2=[-0.0712  0.3017  0.0544  0.0832  0.0624 -0.0042 -0.2302  0.2302 -0.1665]
