
########################################################################
Candidate: dy9target_a1_lr0p003_l220_ep1_p0_b32
Output   : D:\Dropbox\0_Lab_504\Codes\504_ML\NN\results_v2.0_robustness\nmc100_navg10_search_0608\dy9target_a1_lr0p003_l220_ep1_p0_b32.mat
########################################################################

========================================================================
Experiment settings
========================================================================
Data path       : D:\Dropbox\0_Lab_504\Codes\504_ML\NN\data\target_and_features.mat
Feature groups  : ['yoy_fwd']
Target group    : dy
Target indices  : [8]
Model           : NN
Run tag         : nmc100_navg10_0608_dy9target_a1_lr0p003_l220_ep1_p0_b32
Output file     : D:\Dropbox\0_Lab_504\Codes\504_ML\NN\results_v2.0_robustness\nmc100_navg10_search_0608\dy9target_a1_lr0p003_l220_ep1_p0_b32.mat
X shape         : (629, 9)
Y shape         : (629, 1)
OOS start       : 1980-01-31
Horizon         : 12
Hyper frequency : 60
NMC / NAVG      : 100 / 10
CPU workers     : 20
------------------------------------------------------------------------
Model parameters
{
  "archi": [
    1
  ],
  "Dropout": 0.0,
  "l1l2": [
    0.0,
    20.0
  ],
  "learning_rate": 0.003,
  "decay_rate": 0.001,
  "momentum": 0.9,
  "nesterov": true,
  "epochs": 1,
  "patience": 0,
  "batch_size": 32,
  "validation_split": 0.15,
  "purge_size": 12,
  "shuffle": false,
  "loss_name": "mse",
  "huber_delta": 1.0,
  "use_bias": false,
  "regularize_output": true
}
========================================================================

Total OOS steps: 540
[   1/540] 1980-01-31 | oos=   1 | refit=True  | val=  8.247220 | best=  8.247220 | R2=[-0.1811]
[  10/540] 1980-10-31 | oos=  10 | refit=False | val=  3.300695 | best=  1.914448 | R2=[-0.002]
[  20/540] 1981-08-31 | oos=  20 | refit=False | val=  5.096974 | best=  1.914448 | R2=[-0.0017]
[  30/540] 1982-06-30 | oos=  30 | refit=False | val=  4.708708 | best=  1.914448 | R2=[-0.001]
[  40/540] 1983-04-30 | oos=  40 | refit=False | val=  3.929273 | best=  1.914448 | R2=[-0.0009]
[  50/540] 1984-02-29 | oos=  50 | refit=False | val=  4.088964 | best=  1.914448 | R2=[-0.0008]
[  60/540] 1984-12-31 | oos=  60 | refit=True  | val=  2.391403 | best=  2.391403 | R2=[-0.0007]
[  70/540] 1985-10-31 | oos=  70 | refit=False | val=  2.665106 | best=  1.470181 | R2=[-0.0004]
[  80/540] 1986-08-31 | oos=  80 | refit=False | val=  5.249777 | best=  1.470181 | R2=[-0.0004]
[  90/540] 1987-06-30 | oos=  90 | refit=False | val=  5.744000 | best=  1.470181 | R2=[-0.0004]
[ 100/540] 1988-04-30 | oos= 100 | refit=False | val=  4.437317 | best=  1.470181 | R2=[-0.0004]
[ 110/540] 1989-02-28 | oos= 110 | refit=False | val=  1.405243 | best=  1.405243 | R2=[-0.0004]
[ 120/540] 1989-12-31 | oos= 120 | refit=True  | val=  2.275062 | best=  2.275062 | R2=[-0.0004]
[ 130/540] 1990-10-31 | oos= 130 | refit=False | val=  0.435099 | best=  0.431992 | R2=[-0.0004]
[ 140/540] 1991-08-31 | oos= 140 | refit=False | val=  0.403215 | best=  0.378836 | R2=[-0.0004]
[ 150/540] 1992-06-30 | oos= 150 | refit=False | val=  0.444709 | best=  0.378836 | R2=[-0.0004]
[ 160/540] 1993-04-30 | oos= 160 | refit=False | val=  0.580997 | best=  0.378836 | R2=[-0.0003]
[ 170/540] 1994-02-28 | oos= 170 | refit=False | val=  0.835767 | best=  0.378836 | R2=[-0.0003]
[ 180/540] 1994-12-31 | oos= 180 | refit=True  | val=  5.900849 | best=  5.900849 | R2=[-0.0003]
[ 190/540] 1995-10-31 | oos= 190 | refit=False | val=  1.482736 | best=  1.358637 | R2=[-0.0003]
[ 200/540] 1996-08-31 | oos= 200 | refit=False | val=  1.630796 | best=  1.358637 | R2=[-0.0003]
[ 210/540] 1997-06-30 | oos= 210 | refit=False | val=  1.286920 | best=  1.286920 | R2=[-0.0003]
[ 220/540] 1998-04-30 | oos= 220 | refit=False | val=  1.197052 | best=  1.197052 | R2=[-0.0003]
[ 230/540] 1999-02-28 | oos= 230 | refit=False | val=  0.872815 | best=  0.872815 | R2=[-0.0003]
[ 240/540] 1999-12-31 | oos= 240 | refit=False | val=  0.741212 | best=  0.741212 | R2=[-0.0003]
[ 250/540] 2000-10-31 | oos= 250 | refit=False | val=  0.712916 | best=  0.712916 | R2=[-0.0003]
[ 260/540] 2001-08-31 | oos= 260 | refit=False | val=  0.875133 | best=  0.712916 | R2=[-0.0003]
[ 270/540] 2002-06-30 | oos= 270 | refit=False | val=  0.872074 | best=  0.712916 | R2=[-0.0002]
[ 280/540] 2003-04-30 | oos= 280 | refit=False | val=  0.865228 | best=  0.712916 | R2=[-0.0002]
[ 290/540] 2004-02-29 | oos= 290 | refit=False | val=  0.876657 | best=  0.712916 | R2=[-0.0002]
[ 300/540] 2004-12-31 | oos= 300 | refit=False | val=  0.643323 | best=  0.643323 | R2=[-0.0002]
[ 310/540] 2005-10-31 | oos= 310 | refit=False | val=  0.625411 | best=  0.625411 | R2=[-0.0002]
[ 320/540] 2006-08-31 | oos= 320 | refit=False | val=  0.520950 | best=  0.499716 | R2=[-0.0002]
[ 330/540] 2007-06-30 | oos= 330 | refit=False | val=  0.450848 | best=  0.450848 | R2=[-0.0002]
[ 340/540] 2008-04-30 | oos= 340 | refit=False | val=  0.416567 | best=  0.416567 | R2=[-0.0002]
[ 350/540] 2009-02-28 | oos= 350 | refit=False | val=  0.318804 | best=  0.274210 | R2=[-0.0002]
[ 360/540] 2009-12-31 | oos= 360 | refit=True  | val=  0.508029 | best=  0.508029 | R2=[-0.0002]
[ 370/540] 2010-10-31 | oos= 370 | refit=False | val=  0.406947 | best=  0.351301 | R2=[-0.0002]
[ 380/540] 2011-08-31 | oos= 380 | refit=False | val=  0.395267 | best=  0.351301 | R2=[-0.0002]
[ 390/540] 2012-06-30 | oos= 390 | refit=False | val=  0.570147 | best=  0.351301 | R2=[-0.0002]
[ 400/540] 2013-04-30 | oos= 400 | refit=False | val=  0.596797 | best=  0.351301 | R2=[-0.0002]
[ 410/540] 2014-02-28 | oos= 410 | refit=False | val=  0.713993 | best=  0.351301 | R2=[-0.0002]
[ 420/540] 2014-12-31 | oos= 420 | refit=True  | val=  0.674824 | best=  0.674824 | R2=[-0.0002]
[ 430/540] 2015-10-31 | oos= 430 | refit=False | val=  0.630673 | best=  0.630673 | R2=[-0.0002]
[ 440/540] 2016-08-31 | oos= 440 | refit=False | val=  0.593306 | best=  0.586415 | R2=[-0.0002]
[ 450/540] 2017-06-30 | oos= 450 | refit=False | val=  0.546155 | best=  0.544237 | R2=[-0.0002]
[ 460/540] 2018-04-30 | oos= 460 | refit=False | val=  0.553605 | best=  0.544237 | R2=[-0.0002]
[ 470/540] 2019-02-28 | oos= 470 | refit=False | val=  0.455871 | best=  0.455871 | R2=[-0.0002]
[ 480/540] 2019-12-31 | oos= 480 | refit=True  | val=  0.860298 | best=  0.860298 | R2=[-0.0002]
[ 490/540] 2020-10-31 | oos= 490 | refit=False | val=  0.612888 | best=  0.474767 | R2=[-0.0002]
[ 500/540] 2021-08-31 | oos= 500 | refit=False | val=  0.584680 | best=  0.474767 | R2=[-0.0002]
[ 510/540] 2022-06-30 | oos= 510 | refit=False | val=  0.647572 | best=  0.474767 | R2=[-0.0002]
[ 520/540] 2023-04-30 | oos= 520 | refit=False | val=  1.018649 | best=  0.474767 | R2=[-0.0002]
[ 530/540] 2024-02-29 | oos= 530 | refit=False | val=  1.049316 | best=  0.474767 | R2=[-0.0002]
[ 540/540] 2024-12-31 | oos= 540 | refit=True  | val=  1.611958 | best=  1.611958 | R2=[-0.0002]

========================================================================
Finished
========================================================================
Saved to : D:\Dropbox\0_Lab_504\Codes\504_ML\NN\results_v2.0_robustness\nmc100_navg10_search_0608\dy9target_a1_lr0p003_l220_ep1_p0_b32.mat
R2OOS    : [-0.0002]
p-values : [0.7087]
========================================================================
Candidate R2OOS: [-0.000186839141]
dy_9 R2OOS     : -0.000186839141
dy_9 is not positive; continuing to next hyperparameter set.

########################################################################
Candidate: dy9target_a3_lr0p003_l220_ep1_p0_b32
Output   : D:\Dropbox\0_Lab_504\Codes\504_ML\NN\results_v2.0_robustness\nmc100_navg10_search_0608\dy9target_a3_lr0p003_l220_ep1_p0_b32.mat
########################################################################

========================================================================
Experiment settings
========================================================================
Data path       : D:\Dropbox\0_Lab_504\Codes\504_ML\NN\data\target_and_features.mat
Feature groups  : ['yoy_fwd']
Target group    : dy
Target indices  : [8]
Model           : NN
Run tag         : nmc100_navg10_0608_dy9target_a3_lr0p003_l220_ep1_p0_b32
Output file     : D:\Dropbox\0_Lab_504\Codes\504_ML\NN\results_v2.0_robustness\nmc100_navg10_search_0608\dy9target_a3_lr0p003_l220_ep1_p0_b32.mat
X shape         : (629, 9)
Y shape         : (629, 1)
OOS start       : 1980-01-31
Horizon         : 12
Hyper frequency : 60
NMC / NAVG      : 100 / 10
CPU workers     : 20
------------------------------------------------------------------------
Model parameters
{
  "archi": [
    3
  ],
  "Dropout": 0.0,
  "l1l2": [
    0.0,
    20.0
  ],
  "learning_rate": 0.003,
  "decay_rate": 0.001,
  "momentum": 0.9,
  "nesterov": true,
  "epochs": 1,
  "patience": 0,
  "batch_size": 32,
  "validation_split": 0.15,
  "purge_size": 12,
  "shuffle": false,
  "loss_name": "mse",
  "huber_delta": 1.0,
  "use_bias": false,
  "regularize_output": true
}
========================================================================

Total OOS steps: 540
[   1/540] 1980-01-31 | oos=   1 | refit=True  | val= 25.080015 | best= 25.080015 | R2=[-0.1423]
[  10/540] 1980-10-31 | oos=  10 | refit=False | val=  3.608521 | best=  1.967510 | R2=[-0.0119]
[  20/540] 1981-08-31 | oos=  20 | refit=False | val=  5.097820 | best=  1.967510 | R2=[-0.0102]
[  30/540] 1982-06-30 | oos=  30 | refit=False | val=  4.708690 | best=  1.967510 | R2=[-0.0056]
